0 info it worked if it ends with ok
1 verbose cli [ 'C:\\Program Files\\nodejs\\node.exe',
1 verbose cli   'C:\\Program Files\\nodejs\\node_modules\\npm\\bin\\npm-cli.js',
1 verbose cli   'install',
1 verbose cli   'xml2js' ]
2 info using npm@3.10.10
3 info using node@v6.10.0
4 silly loadCurrentTree Starting
5 silly install loadCurrentTree
6 silly install readLocalPackageData
7 silly fetchPackageMetaData xml2js
8 silly fetchNamedPackageData xml2js
9 silly mapToRegistry name xml2js
10 silly mapToRegistry using default registry
11 silly mapToRegistry registry https://registry.npmjs.org/
12 silly mapToRegistry data Result {
12 silly mapToRegistry   raw: 'xml2js',
12 silly mapToRegistry   scope: null,
12 silly mapToRegistry   escapedName: 'xml2js',
12 silly mapToRegistry   name: 'xml2js',
12 silly mapToRegistry   rawSpec: '',
12 silly mapToRegistry   spec: 'latest',
12 silly mapToRegistry   type: 'tag' }
13 silly mapToRegistry uri https://registry.npmjs.org/xml2js
14 verbose request uri https://registry.npmjs.org/xml2js
15 verbose request no auth needed
16 info attempt registry request try #1 at 12:11:13 PM
17 verbose request id f3bfa8d291bd3576
18 verbose etag W/"5901a2bf-1eb05"
19 verbose lastModified Thu, 27 Apr 2017 07:50:23 GMT
20 http request GET https://registry.npmjs.org/xml2js
21 http 304 https://registry.npmjs.org/xml2js
22 verbose headers { date: 'Mon, 01 May 2017 16:10:42 GMT',
22 verbose headers   via: '1.1 varnish',
22 verbose headers   'cache-control': 'max-age=300',
22 verbose headers   etag: 'W/"5901a2bf-1eb05"',
22 verbose headers   age: '195',
22 verbose headers   connection: 'keep-alive',
22 verbose headers   'x-served-by': 'cache-iad2138-IAD',
22 verbose headers   'x-cache': 'HIT',
22 verbose headers   'x-cache-hits': '7',
22 verbose headers   'x-timer': 'S1493655042.336401,VS0,VE0',
22 verbose headers   vary: 'Accept-Encoding' }
23 silly get cb [ 304,
23 silly get   { date: 'Mon, 01 May 2017 16:10:42 GMT',
23 silly get     via: '1.1 varnish',
23 silly get     'cache-control': 'max-age=300',
23 silly get     etag: 'W/"5901a2bf-1eb05"',
23 silly get     age: '195',
23 silly get     connection: 'keep-alive',
23 silly get     'x-served-by': 'cache-iad2138-IAD',
23 silly get     'x-cache': 'HIT',
23 silly get     'x-cache-hits': '7',
23 silly get     'x-timer': 'S1493655042.336401,VS0,VE0',
23 silly get     vary: 'Accept-Encoding' } ]
24 verbose etag https://registry.npmjs.org/xml2js from cache
25 verbose get saving xml2js to C:\Users\ross.brazuk.000\AppData\Roaming\npm-cache\registry.npmjs.org\xml2js\.cache.json
26 verbose correctMkdir C:\Users\ross.brazuk.000\AppData\Roaming\npm-cache correctMkdir not in flight; initializing
27 silly install normalizeTree
28 silly loadCurrentTree Finishing
29 silly loadIdealTree Starting
30 silly install loadIdealTree
31 silly cloneCurrentTree Starting
32 silly install cloneCurrentTreeToIdealTree
33 silly cloneCurrentTree Finishing
34 silly loadShrinkwrap Starting
35 silly install loadShrinkwrap
36 silly loadShrinkwrap Finishing
37 silly loadAllDepsIntoIdealTree Starting
38 silly install loadAllDepsIntoIdealTree
39 silly resolveWithNewModule xml2js@0.4.17 checking installable status
40 silly cache add args [ 'xml2js', null ]
41 verbose cache add spec xml2js
42 silly cache add parsed spec Result {
42 silly cache add   raw: 'xml2js',
42 silly cache add   scope: null,
42 silly cache add   escapedName: 'xml2js',
42 silly cache add   name: 'xml2js',
42 silly cache add   rawSpec: '',
42 silly cache add   spec: 'latest',
42 silly cache add   type: 'tag' }
43 silly addNamed xml2js@latest
44 verbose addNamed "latest" is being treated as a dist-tag for xml2js
45 info addNameTag [ 'xml2js', 'latest' ]
46 silly mapToRegistry name xml2js
47 silly mapToRegistry using default registry
48 silly mapToRegistry registry https://registry.npmjs.org/
49 silly mapToRegistry data Result {
49 silly mapToRegistry   raw: 'xml2js',
49 silly mapToRegistry   scope: null,
49 silly mapToRegistry   escapedName: 'xml2js',
49 silly mapToRegistry   name: 'xml2js',
49 silly mapToRegistry   rawSpec: '',
49 silly mapToRegistry   spec: 'latest',
49 silly mapToRegistry   type: 'tag' }
50 silly mapToRegistry uri https://registry.npmjs.org/xml2js
51 verbose addNameTag registry:https://registry.npmjs.org/xml2js not in flight; fetching
52 verbose get https://registry.npmjs.org/xml2js not expired, no request
53 silly addNameTag next cb for xml2js with tag latest
54 silly addNamed xml2js@0.4.17
55 verbose addNamed "0.4.17" is a plain semver version for xml2js
56 silly cache afterAdd xml2js@0.4.17
57 verbose afterAdd C:\Users\ross.brazuk.000\AppData\Roaming\npm-cache\xml2js\0.4.17\package\package.json not in flight; writing
58 verbose correctMkdir C:\Users\ross.brazuk.000\AppData\Roaming\npm-cache correctMkdir not in flight; initializing
59 verbose afterAdd C:\Users\ross.brazuk.000\AppData\Roaming\npm-cache\xml2js\0.4.17\package\package.json written
60 silly fetchNamedPackageData sax
61 silly mapToRegistry name sax
62 silly mapToRegistry using default registry
63 silly mapToRegistry registry https://registry.npmjs.org/
64 silly mapToRegistry data Result {
64 silly mapToRegistry   raw: 'sax',
64 silly mapToRegistry   scope: null,
64 silly mapToRegistry   escapedName: 'sax',
64 silly mapToRegistry   name: 'sax',
64 silly mapToRegistry   rawSpec: '',
64 silly mapToRegistry   spec: 'latest',
64 silly mapToRegistry   type: 'tag' }
65 silly mapToRegistry uri https://registry.npmjs.org/sax
66 silly fetchNamedPackageData xmlbuilder
67 silly mapToRegistry name xmlbuilder
68 silly mapToRegistry using default registry
69 silly mapToRegistry registry https://registry.npmjs.org/
70 silly mapToRegistry data Result {
70 silly mapToRegistry   raw: 'xmlbuilder',
70 silly mapToRegistry   scope: null,
70 silly mapToRegistry   escapedName: 'xmlbuilder',
70 silly mapToRegistry   name: 'xmlbuilder',
70 silly mapToRegistry   rawSpec: '',
70 silly mapToRegistry   spec: 'latest',
70 silly mapToRegistry   type: 'tag' }
71 silly mapToRegistry uri https://registry.npmjs.org/xmlbuilder
72 verbose request uri https://registry.npmjs.org/sax
73 verbose request no auth needed
74 info attempt registry request try #1 at 12:11:13 PM
75 verbose etag W/"58fcd6df-e97f"
76 verbose lastModified Sun, 23 Apr 2017 16:31:27 GMT
77 http request GET https://registry.npmjs.org/sax
78 verbose request uri https://registry.npmjs.org/xmlbuilder
79 verbose request no auth needed
80 info attempt registry request try #1 at 12:11:13 PM
81 verbose etag W/"58fcd4e5-14b0c"
82 verbose lastModified Sun, 23 Apr 2017 16:23:01 GMT
83 http request GET https://registry.npmjs.org/xmlbuilder
84 http 304 https://registry.npmjs.org/sax
85 verbose headers { date: 'Mon, 01 May 2017 16:10:42 GMT',
85 verbose headers   via: '1.1 varnish',
85 verbose headers   'cache-control': 'max-age=300',
85 verbose headers   etag: 'W/"58fcd6df-e97f"',
85 verbose headers   age: '119',
85 verbose headers   connection: 'keep-alive',
85 verbose headers   'x-served-by': 'cache-iad2138-IAD',
85 verbose headers   'x-cache': 'HIT',
85 verbose headers   'x-cache-hits': '6',
85 verbose headers   'x-timer': 'S1493655042.496975,VS0,VE0',
85 verbose headers   vary: 'Accept-Encoding' }
86 silly get cb [ 304,
86 silly get   { date: 'Mon, 01 May 2017 16:10:42 GMT',
86 silly get     via: '1.1 varnish',
86 silly get     'cache-control': 'max-age=300',
86 silly get     etag: 'W/"58fcd6df-e97f"',
86 silly get     age: '119',
86 silly get     connection: 'keep-alive',
86 silly get     'x-served-by': 'cache-iad2138-IAD',
86 silly get     'x-cache': 'HIT',
86 silly get     'x-cache-hits': '6',
86 silly get     'x-timer': 'S1493655042.496975,VS0,VE0',
86 silly get     vary: 'Accept-Encoding' } ]
87 verbose etag https://registry.npmjs.org/sax from cache
88 verbose get saving sax to C:\Users\ross.brazuk.000\AppData\Roaming\npm-cache\registry.npmjs.org\sax\.cache.json
89 verbose correctMkdir C:\Users\ross.brazuk.000\AppData\Roaming\npm-cache correctMkdir not in flight; initializing
90 silly resolveWithNewModule sax@1.2.2 checking installable status
91 silly cache add args [ 'sax@>=0.6.0', null ]
92 verbose cache add spec sax@>=0.6.0
93 silly cache add parsed spec Result {
93 silly cache add   raw: 'sax@>=0.6.0',
93 silly cache add   scope: null,
93 silly cache add   escapedName: 'sax',
93 silly cache add   name: 'sax',
93 silly cache add   rawSpec: '>=0.6.0',
93 silly cache add   spec: '>=0.6.0',
93 silly cache add   type: 'range' }
94 silly addNamed sax@>=0.6.0
95 verbose addNamed ">=0.6.0" is a valid semver range for sax
96 silly addNameRange { name: 'sax', range: '>=0.6.0', hasData: false }
97 silly mapToRegistry name sax
98 silly mapToRegistry using default registry
99 silly mapToRegistry registry https://registry.npmjs.org/
100 silly mapToRegistry data Result {
100 silly mapToRegistry   raw: 'sax',
100 silly mapToRegistry   scope: null,
100 silly mapToRegistry   escapedName: 'sax',
100 silly mapToRegistry   name: 'sax',
100 silly mapToRegistry   rawSpec: '',
100 silly mapToRegistry   spec: 'latest',
100 silly mapToRegistry   type: 'tag' }
101 silly mapToRegistry uri https://registry.npmjs.org/sax
102 verbose addNameRange registry:https://registry.npmjs.org/sax not in flight; fetching
103 verbose get https://registry.npmjs.org/sax not expired, no request
104 silly addNameRange number 2 { name: 'sax', range: '>=0.6.0', hasData: true }
105 silly addNameRange versions [ 'sax',
105 silly addNameRange   [ '0.1.0',
105 silly addNameRange     '0.1.1',
105 silly addNameRange     '0.1.2',
105 silly addNameRange     '0.1.3',
105 silly addNameRange     '0.1.4',
105 silly addNameRange     '0.1.5',
105 silly addNameRange     '0.2.0',
105 silly addNameRange     '0.2.1',
105 silly addNameRange     '0.2.2',
105 silly addNameRange     '0.2.3',
105 silly addNameRange     '0.2.4',
105 silly addNameRange     '0.2.5',
105 silly addNameRange     '0.3.0',
105 silly addNameRange     '0.3.1',
105 silly addNameRange     '0.3.2',
105 silly addNameRange     '0.3.3',
105 silly addNameRange     '0.3.4',
105 silly addNameRange     '0.3.5',
105 silly addNameRange     '0.4.1',
105 silly addNameRange     '0.4.0',
105 silly addNameRange     '0.4.2',
105 silly addNameRange     '0.4.3',
105 silly addNameRange     '0.5.0',
105 silly addNameRange     '0.5.1',
105 silly addNameRange     '0.5.2',
105 silly addNameRange     '0.5.3',
105 silly addNameRange     '0.5.4',
105 silly addNameRange     '0.5.5',
105 silly addNameRange     '0.5.6',
105 silly addNameRange     '0.5.7',
105 silly addNameRange     '0.5.8',
105 silly addNameRange     '0.6.0',
105 silly addNameRange     '0.6.1',
105 silly addNameRange     '1.0.0',
105 silly addNameRange     '1.1.0',
105 silly addNameRange     '1.1.1',
105 silly addNameRange     '1.1.2',
105 silly addNameRange     '1.1.3',
105 silly addNameRange     '1.1.4',
105 silly addNameRange     '1.1.5',
105 silly addNameRange     '1.1.6',
105 silly addNameRange     '1.2.1',
105 silly addNameRange     '1.2.2' ] ]
106 silly addNamed sax@1.2.2
107 verbose addNamed "1.2.2" is a plain semver version for sax
108 silly cache afterAdd sax@1.2.2
109 verbose afterAdd C:\Users\ross.brazuk.000\AppData\Roaming\npm-cache\sax\1.2.2\package\package.json not in flight; writing
110 verbose correctMkdir C:\Users\ross.brazuk.000\AppData\Roaming\npm-cache correctMkdir not in flight; initializing
111 verbose afterAdd C:\Users\ross.brazuk.000\AppData\Roaming\npm-cache\sax\1.2.2\package\package.json written
112 http 304 https://registry.npmjs.org/xmlbuilder
113 verbose headers { date: 'Mon, 01 May 2017 16:10:42 GMT',
113 verbose headers   via: '1.1 varnish',
113 verbose headers   'cache-control': 'max-age=300',
113 verbose headers   etag: 'W/"58fcd4e5-14b0c"',
113 verbose headers   age: '220',
113 verbose headers   connection: 'keep-alive',
113 verbose headers   'x-served-by': 'cache-iad2644-IAD',
113 verbose headers   'x-cache': 'HIT',
113 verbose headers   'x-cache-hits': '12',
113 verbose headers   'x-timer': 'S1493655043.543087,VS0,VE0',
113 verbose headers   vary: 'Accept-Encoding' }
114 silly get cb [ 304,
114 silly get   { date: 'Mon, 01 May 2017 16:10:42 GMT',
114 silly get     via: '1.1 varnish',
114 silly get     'cache-control': 'max-age=300',
114 silly get     etag: 'W/"58fcd4e5-14b0c"',
114 silly get     age: '220',
114 silly get     connection: 'keep-alive',
114 silly get     'x-served-by': 'cache-iad2644-IAD',
114 silly get     'x-cache': 'HIT',
114 silly get     'x-cache-hits': '12',
114 silly get     'x-timer': 'S1493655043.543087,VS0,VE0',
114 silly get     vary: 'Accept-Encoding' } ]
115 verbose etag https://registry.npmjs.org/xmlbuilder from cache
116 verbose get saving xmlbuilder to C:\Users\ross.brazuk.000\AppData\Roaming\npm-cache\registry.npmjs.org\xmlbuilder\.cache.json
117 verbose correctMkdir C:\Users\ross.brazuk.000\AppData\Roaming\npm-cache correctMkdir not in flight; initializing
118 silly resolveWithNewModule xmlbuilder@4.2.1 checking installable status
119 silly cache add args [ 'xmlbuilder@^4.1.0', null ]
120 verbose cache add spec xmlbuilder@^4.1.0
121 silly cache add parsed spec Result {
121 silly cache add   raw: 'xmlbuilder@^4.1.0',
121 silly cache add   scope: null,
121 silly cache add   escapedName: 'xmlbuilder',
121 silly cache add   name: 'xmlbuilder',
121 silly cache add   rawSpec: '^4.1.0',
121 silly cache add   spec: '>=4.1.0 <5.0.0',
121 silly cache add   type: 'range' }
122 silly addNamed xmlbuilder@>=4.1.0 <5.0.0
123 verbose addNamed ">=4.1.0 <5.0.0" is a valid semver range for xmlbuilder
124 silly addNameRange { name: 'xmlbuilder', range: '>=4.1.0 <5.0.0', hasData: false }
125 silly mapToRegistry name xmlbuilder
126 silly mapToRegistry using default registry
127 silly mapToRegistry registry https://registry.npmjs.org/
128 silly mapToRegistry data Result {
128 silly mapToRegistry   raw: 'xmlbuilder',
128 silly mapToRegistry   scope: null,
128 silly mapToRegistry   escapedName: 'xmlbuilder',
128 silly mapToRegistry   name: 'xmlbuilder',
128 silly mapToRegistry   rawSpec: '',
128 silly mapToRegistry   spec: 'latest',
128 silly mapToRegistry   type: 'tag' }
129 silly mapToRegistry uri https://registry.npmjs.org/xmlbuilder
130 verbose addNameRange registry:https://registry.npmjs.org/xmlbuilder not in flight; fetching
131 verbose get https://registry.npmjs.org/xmlbuilder not expired, no request
132 silly addNameRange number 2 { name: 'xmlbuilder', range: '>=4.1.0 <5.0.0', hasData: true }
133 silly addNameRange versions [ 'xmlbuilder',
133 silly addNameRange   [ '0.0.1',
133 silly addNameRange     '0.0.2',
133 silly addNameRange     '0.0.3',
133 silly addNameRange     '0.0.4',
133 silly addNameRange     '0.0.5',
133 silly addNameRange     '0.0.6',
133 silly addNameRange     '0.1.0',
133 silly addNameRange     '0.1.1',
133 silly addNameRange     '0.1.2',
133 silly addNameRange     '0.1.3',
133 silly addNameRange     '0.1.4',
133 silly addNameRange     '0.1.5',
133 silly addNameRange     '0.1.6',
133 silly addNameRange     '0.1.7',
133 silly addNameRange     '0.1.8',
133 silly addNameRange     '0.2.0',
133 silly addNameRange     '0.2.1',
133 silly addNameRange     '0.2.2',
133 silly addNameRange     '0.3.0',
133 silly addNameRange     '0.3.1',
133 silly addNameRange     '0.3.2',
133 silly addNameRange     '0.3.3',
133 silly addNameRange     '0.3.4',
133 silly addNameRange     '0.3.5',
133 silly addNameRange     '0.3.6',
133 silly addNameRange     '0.3.7',
133 silly addNameRange     '0.3.8',
133 silly addNameRange     '0.3.9',
133 silly addNameRange     '0.3.10',
133 silly addNameRange     '0.3.11',
133 silly addNameRange     '0.4.0',
133 silly addNameRange     '0.4.1',
133 silly addNameRange     '0.4.2',
133 silly addNameRange     '0.4.3',
133 silly addNameRange     '1.0.0',
133 silly addNameRange     '1.0.1',
133 silly addNameRange     '1.0.2',
133 silly addNameRange     '1.1.0',
133 silly addNameRange     '1.1.1',
133 silly addNameRange     '1.1.2',
133 silly addNameRange     '2.0.0',
133 silly addNameRange     '2.0.1',
133 silly addNameRange     '2.1.0',
133 silly addNameRange     '2.2.1',
133 silly addNameRange     '2.3.0',
133 silly addNameRange     '2.4.0',
133 silly addNameRange     '2.4.1',
133 silly addNameRange     '2.4.2',
133 silly addNameRange     '2.4.3',
133 silly addNameRange     '2.4.4',
133 silly addNameRange     '2.4.5',
133 silly addNameRange     '2.4.6',
133 silly addNameRange     '2.5.0',
133 silly addNameRange     '2.5.1',
133 silly addNameRange     '2.5.2',
133 silly addNameRange     '2.6.0',
133 silly addNameRange     '2.6.1',
133 silly addNameRange     '2.6.2',
133 silly addNameRange     '2.6.3',
133 silly addNameRange     '2.6.4',
133 silly addNameRange     '2.6.5',
133 silly addNameRange     '3.0.0',
133 silly addNameRange     '3.1.0',
133 silly addNameRange     '4.0.0',
133 silly addNameRange     '4.1.0',
133 silly addNameRange     '4.2.0',
133 silly addNameRange     '4.2.1',
133 silly addNameRange     '5.0.0',
133 silly addNameRange     '5.0.1',
133 silly addNameRange     '6.0.0',
133 silly addNameRange     '7.0.0',
133 silly addNameRange     '8.0.0',
133 silly addNameRange     '8.1.0',
133 silly addNameRange     '8.2.0',
133 silly addNameRange     '8.2.1',
133 silly addNameRange     '8.2.2' ] ]
134 silly addNamed xmlbuilder@4.2.1
135 verbose addNamed "4.2.1" is a plain semver version for xmlbuilder
136 silly cache afterAdd xmlbuilder@4.2.1
137 verbose afterAdd C:\Users\ross.brazuk.000\AppData\Roaming\npm-cache\xmlbuilder\4.2.1\package\package.json not in flight; writing
138 verbose correctMkdir C:\Users\ross.brazuk.000\AppData\Roaming\npm-cache correctMkdir not in flight; initializing
139 verbose afterAdd C:\Users\ross.brazuk.000\AppData\Roaming\npm-cache\xmlbuilder\4.2.1\package\package.json written
140 silly fetchNamedPackageData lodash
141 silly mapToRegistry name lodash
142 silly mapToRegistry using default registry
143 silly mapToRegistry registry https://registry.npmjs.org/
144 silly mapToRegistry data Result {
144 silly mapToRegistry   raw: 'lodash',
144 silly mapToRegistry   scope: null,
144 silly mapToRegistry   escapedName: 'lodash',
144 silly mapToRegistry   name: 'lodash',
144 silly mapToRegistry   rawSpec: '',
144 silly mapToRegistry   spec: 'latest',
144 silly mapToRegistry   type: 'tag' }
145 silly mapToRegistry uri https://registry.npmjs.org/lodash
146 verbose request uri https://registry.npmjs.org/lodash
147 verbose request no auth needed
148 info attempt registry request try #1 at 12:11:13 PM
149 verbose etag W/"5904c5fb-29377"
150 verbose lastModified Sat, 29 Apr 2017 16:57:31 GMT
151 http request GET https://registry.npmjs.org/lodash
152 http 304 https://registry.npmjs.org/lodash
153 verbose headers { date: 'Mon, 01 May 2017 16:10:42 GMT',
153 verbose headers   via: '1.1 varnish',
153 verbose headers   'cache-control': 'max-age=300',
153 verbose headers   etag: 'W/"5904c5fb-29377"',
153 verbose headers   age: '257',
153 verbose headers   connection: 'keep-alive',
153 verbose headers   'x-served-by': 'cache-iad2138-IAD',
153 verbose headers   'x-cache': 'HIT',
153 verbose headers   'x-cache-hits': '2949',
153 verbose headers   'x-timer': 'S1493655043.608719,VS0,VE0',
153 verbose headers   vary: 'Accept-Encoding' }
154 silly get cb [ 304,
154 silly get   { date: 'Mon, 01 May 2017 16:10:42 GMT',
154 silly get     via: '1.1 varnish',
154 silly get     'cache-control': 'max-age=300',
154 silly get     etag: 'W/"5904c5fb-29377"',
154 silly get     age: '257',
154 silly get     connection: 'keep-alive',
154 silly get     'x-served-by': 'cache-iad2138-IAD',
154 silly get     'x-cache': 'HIT',
154 silly get     'x-cache-hits': '2949',
154 silly get     'x-timer': 'S1493655043.608719,VS0,VE0',
154 silly get     vary: 'Accept-Encoding' } ]
155 verbose etag https://registry.npmjs.org/lodash from cache
156 verbose get saving lodash to C:\Users\ross.brazuk.000\AppData\Roaming\npm-cache\registry.npmjs.org\lodash\.cache.json
157 verbose correctMkdir C:\Users\ross.brazuk.000\AppData\Roaming\npm-cache correctMkdir not in flight; initializing
158 silly resolveWithNewModule lodash@4.17.4 checking installable status
159 silly cache add args [ 'lodash@^4.0.0', null ]
160 verbose cache add spec lodash@^4.0.0
161 silly cache add parsed spec Result {
161 silly cache add   raw: 'lodash@^4.0.0',
161 silly cache add   scope: null,
161 silly cache add   escapedName: 'lodash',
161 silly cache add   name: 'lodash',
161 silly cache add   rawSpec: '^4.0.0',
161 silly cache add   spec: '>=4.0.0 <5.0.0',
161 silly cache add   type: 'range' }
162 silly addNamed lodash@>=4.0.0 <5.0.0
163 verbose addNamed ">=4.0.0 <5.0.0" is a valid semver range for lodash
164 silly addNameRange { name: 'lodash', range: '>=4.0.0 <5.0.0', hasData: false }
165 silly mapToRegistry name lodash
166 silly mapToRegistry using default registry
167 silly mapToRegistry registry https://registry.npmjs.org/
168 silly mapToRegistry data Result {
168 silly mapToRegistry   raw: 'lodash',
168 silly mapToRegistry   scope: null,
168 silly mapToRegistry   escapedName: 'lodash',
168 silly mapToRegistry   name: 'lodash',
168 silly mapToRegistry   rawSpec: '',
168 silly mapToRegistry   spec: 'latest',
168 silly mapToRegistry   type: 'tag' }
169 silly mapToRegistry uri https://registry.npmjs.org/lodash
170 verbose addNameRange registry:https://registry.npmjs.org/lodash not in flight; fetching
171 verbose get https://registry.npmjs.org/lodash not expired, no request
172 silly addNameRange number 2 { name: 'lodash', range: '>=4.0.0 <5.0.0', hasData: true }
173 silly addNameRange versions [ 'lodash',
173 silly addNameRange   [ '0.1.0',
173 silly addNameRange     '0.2.0',
173 silly addNameRange     '0.2.1',
173 silly addNameRange     '0.2.2',
173 silly addNameRange     '0.3.0',
173 silly addNameRange     '0.3.1',
173 silly addNameRange     '0.3.2',
173 silly addNameRange     '0.4.0',
173 silly addNameRange     '0.4.1',
173 silly addNameRange     '0.4.2',
173 silly addNameRange     '0.5.0-rc.1',
173 silly addNameRange     '0.5.0',
173 silly addNameRange     '0.5.1',
173 silly addNameRange     '0.5.2',
173 silly addNameRange     '0.6.0',
173 silly addNameRange     '0.6.1',
173 silly addNameRange     '0.7.0',
173 silly addNameRange     '0.8.0',
173 silly addNameRange     '0.8.1',
173 silly addNameRange     '0.8.2',
173 silly addNameRange     '0.9.0',
173 silly addNameRange     '0.9.1',
173 silly addNameRange     '0.9.2',
173 silly addNameRange     '0.10.0',
173 silly addNameRange     '1.0.0-rc.1',
173 silly addNameRange     '1.0.0-rc.2',
173 silly addNameRange     '1.0.0-rc.3',
173 silly addNameRange     '1.0.0',
173 silly addNameRange     '1.0.1',
173 silly addNameRange     '1.1.0',
173 silly addNameRange     '1.1.1',
173 silly addNameRange     '1.2.0',
173 silly addNameRange     '1.2.1',
173 silly addNameRange     '1.3.0',
173 silly addNameRange     '1.3.1',
173 silly addNameRange     '2.0.0',
173 silly addNameRange     '2.1.0',
173 silly addNameRange     '2.2.0',
173 silly addNameRange     '2.2.1',
173 silly addNameRange     '2.3.0',
173 silly addNameRange     '2.4.0',
173 silly addNameRange     '2.4.1',
173 silly addNameRange     '3.0.0',
173 silly addNameRange     '3.0.1',
173 silly addNameRange     '3.1.0',
173 silly addNameRange     '3.2.0',
173 silly addNameRange     '3.3.0',
173 silly addNameRange     '3.3.1',
173 silly addNameRange     '3.4.0',
173 silly addNameRange     '3.5.0',
173 silly addNameRange     '3.6.0',
173 silly addNameRange     '1.0.2',
173 silly addNameRange     '3.7.0',
173 silly addNameRange     '2.4.2',
173 silly addNameRange     '3.8.0',
173 silly addNameRange     '3.9.0',
173 silly addNameRange     '3.9.1',
173 silly addNameRange     '3.9.2',
173 silly addNameRange     '3.9.3',
173 silly addNameRange     '3.10.0',
173 silly addNameRange     '3.10.1',
173 silly addNameRange     '4.0.0',
173 silly addNameRange     '4.0.1',
173 silly addNameRange     '4.1.0',
173 silly addNameRange     '4.2.0',
173 silly addNameRange     '4.2.1',
173 silly addNameRange     '4.3.0',
173 silly addNameRange     '4.4.0',
173 silly addNameRange     '4.5.0',
173 silly addNameRange     '4.5.1',
173 silly addNameRange     '4.6.0',
173 silly addNameRange     '4.6.1',
173 silly addNameRange     '4.7.0',
173 silly addNameRange     '4.8.0',
173 silly addNameRange     '4.8.1',
173 silly addNameRange     '4.8.2',
173 silly addNameRange     '4.9.0',
173 silly addNameRange     '4.10.0',
173 silly addNameRange     '4.11.0',
173 silly addNameRange     '4.11.1',
173 silly addNameRange     '4.11.2',
173 silly addNameRange     '4.12.0',
173 silly addNameRange     '4.13.0',
173 silly addNameRange     '4.13.1',
173 silly addNameRange     '4.14.0',
173 silly addNameRange     '4.14.1',
173 silly addNameRange     '4.14.2',
173 silly addNameRange     '4.15.0',
173 silly addNameRange     '4.16.0',
173 silly addNameRange     '4.16.1',
173 silly addNameRange     '4.16.2',
173 silly addNameRange     '4.16.3',
173 silly addNameRange     '4.16.4',
173 silly addNameRange     '4.16.5',
173 silly addNameRange     '4.16.6',
173 silly addNameRange     '4.17.0',
173 silly addNameRange     '4.17.1',
173 silly addNameRange     '4.17.2',
173 silly addNameRange     '4.17.3',
173 silly addNameRange     '4.17.4' ] ]
174 silly addNamed lodash@4.17.4
175 verbose addNamed "4.17.4" is a plain semver version for lodash
176 silly cache afterAdd lodash@4.17.4
177 verbose afterAdd C:\Users\ross.brazuk.000\AppData\Roaming\npm-cache\lodash\4.17.4\package\package.json not in flight; writing
178 verbose correctMkdir C:\Users\ross.brazuk.000\AppData\Roaming\npm-cache correctMkdir not in flight; initializing
179 verbose afterAdd C:\Users\ross.brazuk.000\AppData\Roaming\npm-cache\lodash\4.17.4\package\package.json written
180 silly loadAllDepsIntoIdealTree Finishing
181 silly loadIdealTree Finishing
182 silly currentTree gamesv2@1.0.0
182 silly currentTree +-- angular-route@1.6.4
182 silly currentTree +-- angular@1.6.4
182 silly currentTree +-- bootstrap@3.3.7
182 silly currentTree +-- lodash@4.17.4
182 silly currentTree +-- sax@1.2.2
182 silly currentTree +-- xml2js@0.4.17
182 silly currentTree `-- xmlbuilder@4.2.1
183 silly idealTree gamesv2@1.0.0
183 silly idealTree +-- angular-route@1.6.4
183 silly idealTree +-- angular@1.6.4
183 silly idealTree +-- bootstrap@3.3.7
183 silly idealTree +-- lodash@4.17.4
183 silly idealTree +-- sax@1.2.2
183 silly idealTree +-- xml2js@0.4.17
183 silly idealTree `-- xmlbuilder@4.2.1
184 silly generateActionsToTake Starting
185 silly install generateActionsToTake
186 silly generateActionsToTake Finishing
187 silly diffTrees action count 1
188 silly diffTrees update xml2js@0.4.17
189 silly decomposeActions action count 9
190 silly decomposeActions remove xml2js@0.4.17
191 silly decomposeActions fetch xml2js@0.4.17
192 silly decomposeActions extract xml2js@0.4.17
193 silly decomposeActions test xml2js@0.4.17
194 silly decomposeActions preinstall xml2js@0.4.17
195 silly decomposeActions build xml2js@0.4.17
196 silly decomposeActions install xml2js@0.4.17
197 silly decomposeActions postinstall xml2js@0.4.17
198 silly decomposeActions finalize xml2js@0.4.17
199 silly runTopLevelLifecycles Starting
200 silly executeActions Starting
201 silly install executeActions
202 silly doSerial global-install 0
203 silly doParallel fetch 1
204 verbose correctMkdir C:\Users\ross.brazuk.000\AppData\Roaming\npm-cache\_locks correctMkdir not in flight; initializing
205 verbose lock using C:\Users\ross.brazuk.000\AppData\Roaming\npm-cache\_locks\staging-4ce6f08868d2c373.lock for C:\Users\ross.brazuk.000\Documents\dev\gamesv2\node_modules\.staging
206 silly doParallel extract 1
207 silly extract xml2js@0.4.17
208 verbose unbuild node_modules\.staging\xml2js-ea2fefcc
209 silly gentlyRm C:\Users\ross.brazuk.000\Documents\dev\gamesv2\node_modules\.staging\xml2js-ea2fefcc is being purged from base C:\Users\ross.brazuk.000\Documents\dev\gamesv2
210 verbose gentlyRm don't care about contents; nuking C:\Users\ross.brazuk.000\Documents\dev\gamesv2\node_modules\.staging\xml2js-ea2fefcc
211 verbose tar unpack C:\Users\ross.brazuk.000\AppData\Roaming\npm-cache\xml2js\0.4.17\package.tgz
212 verbose tar unpacking to C:\Users\ross.brazuk.000\Documents\dev\gamesv2\node_modules\.staging\xml2js-ea2fefcc
213 silly gentlyRm C:\Users\ross.brazuk.000\Documents\dev\gamesv2\node_modules\.staging\xml2js-ea2fefcc is being purged
214 verbose gentlyRm don't care about contents; nuking C:\Users\ross.brazuk.000\Documents\dev\gamesv2\node_modules\.staging\xml2js-ea2fefcc
215 silly gunzTarPerm modes [ '777', '666' ]
216 silly gunzTarPerm extractEntry package.json
217 silly gunzTarPerm modified mode [ 'package.json', 420, 438 ]
218 silly gunzTarPerm extractEntry README.md
219 silly gunzTarPerm modified mode [ 'README.md', 420, 438 ]
220 silly gunzTarPerm extractEntry LICENSE
221 silly gunzTarPerm modified mode [ 'LICENSE', 420, 438 ]
222 silly gunzTarPerm extractEntry lib/bom.js
223 silly gunzTarPerm modified mode [ 'lib/bom.js', 420, 438 ]
224 silly gunzTarPerm extractEntry lib/processors.js
225 silly gunzTarPerm modified mode [ 'lib/processors.js', 420, 438 ]
226 silly gunzTarPerm extractEntry lib/xml2js.js
227 silly gunzTarPerm modified mode [ 'lib/xml2js.js', 420, 438 ]
228 silly gentlyRm C:\Users\ross.brazuk.000\Documents\dev\gamesv2\node_modules\.staging\xml2js-ea2fefcc\node_modules is being purged
229 verbose gentlyRm don't care about contents; nuking C:\Users\ross.brazuk.000\Documents\dev\gamesv2\node_modules\.staging\xml2js-ea2fefcc\node_modules
230 silly doParallel preinstall 1
231 silly preinstall xml2js@0.4.17 C:\Users\ross.brazuk.000\Documents\dev\gamesv2\node_modules\.staging\xml2js-ea2fefcc
232 info lifecycle xml2js@0.4.17~preinstall: xml2js@0.4.17
233 silly lifecycle xml2js@0.4.17~preinstall: no script for preinstall, continuing
234 silly doReverseSerial remove 1
235 silly remove C:\Users\ross.brazuk.000\Documents\dev\gamesv2\node_modules\xml2js
236 verbose unbuild node_modules\xml2js
237 info lifecycle xml2js@0.4.17~preuninstall: xml2js@0.4.17
238 silly lifecycle xml2js@0.4.17~preuninstall: no script for preuninstall, continuing
239 info lifecycle xml2js@0.4.17~uninstall: xml2js@0.4.17
240 silly lifecycle xml2js@0.4.17~uninstall: no script for uninstall, continuing
241 verbose unbuild rmStuff xml2js@0.4.17 from C:\Users\ross.brazuk.000\Documents\dev\gamesv2\node_modules
242 info lifecycle xml2js@0.4.17~postuninstall: xml2js@0.4.17
243 silly lifecycle xml2js@0.4.17~postuninstall: no script for postuninstall, continuing
244 silly gentlyRm C:\Users\ross.brazuk.000\Documents\dev\gamesv2\node_modules\xml2js is being purged from base C:\Users\ross.brazuk.000\Documents\dev\gamesv2
245 verbose gentlyRm don't care about contents; nuking C:\Users\ross.brazuk.000\Documents\dev\gamesv2\node_modules\xml2js
246 silly vacuum-fs purging C:\Users\ross.brazuk.000\Documents\dev\gamesv2\node_modules\xml2js
247 silly vacuum-fs quitting because other entries in C:\Users\ross.brazuk.000\Documents\dev\gamesv2\node_modules
248 verbose unlock done using C:\Users\ross.brazuk.000\AppData\Roaming\npm-cache\_locks\staging-4ce6f08868d2c373.lock for C:\Users\ross.brazuk.000\Documents\dev\gamesv2\node_modules\.staging
249 silly rollbackFailedOptional Starting
250 silly rollbackFailedOptional Finishing
251 silly runTopLevelLifecycles Finishing
252 silly install printInstalled
253 warn gamesv2@1.0.0 No repository field.
254 verbose If you need help, you may report this error at:
254 verbose     <https://github.com/npm/npm/issues>
255 verbose stack Error: EPERM: operation not permitted, unlink 'C:\Users\ross.brazuk.000\Documents\dev\gamesv2\node_modules\xml2js'
255 verbose stack     at Error (native)
256 verbose cwd C:\Users\ross.brazuk.000\Documents\dev\gamesv2
257 error Windows_NT 10.0.14393
258 error argv "C:\\Program Files\\nodejs\\node.exe" "C:\\Program Files\\nodejs\\node_modules\\npm\\bin\\npm-cli.js" "install" "xml2js"
259 error node v6.10.0
260 error npm  v3.10.10
261 error path C:\Users\ross.brazuk.000\Documents\dev\gamesv2\node_modules\xml2js
262 error code EPERM
263 error errno -4048
264 error syscall unlink
265 error Error: EPERM: operation not permitted, unlink 'C:\Users\ross.brazuk.000\Documents\dev\gamesv2\node_modules\xml2js'
265 error     at Error (native)
265 error  { Error: EPERM: operation not permitted, unlink 'C:\Users\ross.brazuk.000\Documents\dev\gamesv2\node_modules\xml2js'
265 error     at Error (native)
265 error   errno: -4048,
265 error   code: 'EPERM',
265 error   syscall: 'unlink',
265 error   path: 'C:\\Users\\ross.brazuk.000\\Documents\\dev\\gamesv2\\node_modules\\xml2js',
265 error   parent: 'gamesv2' }
266 error Please try running this command again as root/Administrator.
267 verbose exit [ -4048, true ]
